AppliFire Code Factory v1.0 : Build No: 100 Build Date: 23Oct15_112253 
Java Stack (Spring IO / AOP / REST / JPA 2.1)
(c) 2015 Algorhythm Tech, Pune, India.
Fri Oct 23 11:22:59 UTC 2015 : Code Factory : Blue Print Processing Completed for projectScheduler.cf 
ExitCode=0
Fri Oct 23 11:22:53 UTC 2015 : Code Factory Process Started for instructions projectScheduler.cf
Fri Oct 23 11:22:59 UTC 2015 : Code Factory : Total Files created : 2 | Total Time Taken : - in seconds
Fri Oct 23 11:22:59 UTC 2015 : Code Factory : Total Files created : 2 | Total Time Taken : - in seconds
Fri Oct 23 11:22:59 UTC 2015 : Code Factory : Process Completed Blue Print instructions
Fri Oct 23 11:22:59 UTC 2015 : Code Factory : Exited with the code 0
AppliFire Code Factory v1.0 : Build No: 100 Build Date: 23Oct15_112346 
Java Stack (Spring IO / AOP / REST / JPA 2.1)
(c) 2015 Algorhythm Tech, Pune, India.
Fri Oct 23 11:24:01 UTC 2015 : Code Factory : Blue Print Processing Completed for projectScheduler.cf 
ExitCode=0
Fri Oct 23 11:23:46 UTC 2015 : Code Factory Process Started for instructions projectScheduler.cf
Fri Oct 23 11:24:01 UTC 2015 : Code Factory : Total Files created : 20 | Total Time Taken : 7.644 in seconds
Fri Oct 23 11:24:01 UTC 2015 : Code Factory : Total Files created : 20 | Total Time Taken : 7.644 in seconds
Fri Oct 23 11:24:01 UTC 2015 : Code Factory : Process Completed Blue Print instructions
Fri Oct 23 11:24:01 UTC 2015 : Code Factory : Exited with the code 0
