AppliFire Code Factory v1.0 : Build No: 100 Build Date: 23Oct15_112213 
Java Stack (Spring IO / AOP / REST / JPA 2.1)
(c) 2015 Algorhythm Tech, Pune, India.
Fri Oct 23 11:22:24 UTC 2015 : Code Factory : Blue Print Processing Completed for project.cf 
ExitCode=0
Fri Oct 23 11:22:13 UTC 2015 : Code Factory Process Started for instructions project.cf
Fri Oct 23 11:22:24 UTC 2015 : Code Factory : Total Files created : 2 | Total Time Taken : 0.683 in seconds
Fri Oct 23 11:22:24 UTC 2015 : Code Factory : Total Files created : 2 | Total Time Taken : 0.683 in seconds
Fri Oct 23 11:22:24 UTC 2015 : Code Factory : Process Completed Blue Print instructions
Fri Oct 23 11:22:24 UTC 2015 : Code Factory : Exited with the code 0
AppliFire Code Factory v1.0 : Build No: 100 Build Date: 23Oct15_112310 
Java Stack (Spring IO / AOP / REST / JPA 2.1)
(c) 2015 Algorhythm Tech, Pune, India.
Fri Oct 23 11:23:38 UTC 2015 : Code Factory : Blue Print Processing Completed for project.cf 
ExitCode=0
Fri Oct 23 11:23:10 UTC 2015 : Code Factory Process Started for instructions project.cf
Fri Oct 23 11:23:39 UTC 2015 : Code Factory : Total Files created : 15 | Total Time Taken : 16.241 in seconds
Fri Oct 23 11:23:39 UTC 2015 : Code Factory : Total Files created : 15 | Total Time Taken : 16.241 in seconds
Fri Oct 23 11:23:38 UTC 2015 : Code Factory : Process Completed Blue Print instructions
Fri Oct 23 11:23:39 UTC 2015 : Code Factory : Exited with the code 0
AppliFire Code Factory v1.0 : Build No: 100 Build Date: 23Oct15_112624 
Java Stack (Spring IO / AOP / REST / JPA 2.1)
(c) 2015 Algorhythm Tech, Pune, India.
Fri Oct 23 11:28:12 UTC 2015 : Code Factory : Blue Print Processing Completed for project.cf 
ExitCode=0
Fri Oct 23 11:26:24 UTC 2015 : Code Factory Process Started for instructions project.cf
Fri Oct 23 11:28:13 UTC 2015 : Code Factory : Total Files created : 327 | Total Time Taken : 94.828 in seconds
Fri Oct 23 11:28:13 UTC 2015 : Code Factory : Total Files created : 327 | Total Time Taken : 94.828 in seconds
Fri Oct 23 11:28:12 UTC 2015 : Code Factory : Process Completed Blue Print instructions
Fri Oct 23 11:28:13 UTC 2015 : Code Factory : Exited with the code 0
